[debug] [2026-03-25T14:19:08.722Z] ----------------------------------------------------------------------
[debug] [2026-03-25T14:19:08.727Z] Command:       C:\Program Files\nodejs\node.exe C:\Users\saatvik\AppData\Roaming\npm\node_modules\firebase-tools\lib\bin\firebase.js init
[debug] [2026-03-25T14:19:08.728Z] CLI Version:   15.11.0
[debug] [2026-03-25T14:19:08.728Z] Platform:      win32
[debug] [2026-03-25T14:19:08.728Z] Node Version:  v24.14.0
[debug] [2026-03-25T14:19:08.728Z] Time:          Wed Mar 25 2026 19:49:08 GMT+0530 (India Standard Time)
[debug] [2026-03-25T14:19:08.729Z] ----------------------------------------------------------------------
[debug] 
[info] 
     ######## #### ########  ######## ########     ###     ######  ########
     ##        ##  ##     ## ##       ##     ##  ##   ##  ##       ##
     ######    ##  ########  ######   ########  #########  ######  ######
     ##        ##  ##    ##  ##       ##     ## ##     ##       ## ##
     ##       #### ##     ## ######## ########  ##     ##  ######  ########

You're about to initialize a Firebase project in this directory:

  C:\Users\saatvik\OneDrive\Desktop\wardseva

[info] 
=== Project Setup
[info] 
[info] First, let's associate this project directory with a Firebase project.
[info] You can create multiple project aliases by running firebase use --add, 
[info] 
[debug] [2026-03-25T14:29:22.182Z] > command requires scopes: ["email","openid","https://www.googleapis.com/auth/cloudplatformprojects.readonly","https://www.googleapis.com/auth/firebase","https://www.googleapis.com/auth/cloud-platform"]
[debug] [2026-03-25T14:29:22.183Z] > authorizing via signed-in user (satvikpvss@gmail.com)
[debug] [2026-03-25T14:29:22.184Z] Checked if tokens are valid: true, expires at: 1774451403215
[debug] [2026-03-25T14:29:22.184Z] Checked if tokens are valid: true, expires at: 1774451403215
[debug] [2026-03-25T14:29:22.186Z] >>> [apiv2][query] GET https://firebase.googleapis.com/v1beta1/projects/wardseva-b4465 [none]
[debug] [2026-03-25T14:29:22.782Z] <<< [apiv2][status] GET https://firebase.googleapis.com/v1beta1/projects/wardseva-b4465 200
[debug] [2026-03-25T14:29:22.782Z] <<< [apiv2][body] GET https://firebase.googleapis.com/v1beta1/projects/wardseva-b4465 {"projectId":"wardseva-b4465","projectNumber":"75424989934","displayName":"WardSeva","name":"projects/wardseva-b4465","resources":{"hostingSite":"wardseva-b4465"},"state":"ACTIVE","etag":"1_1b653040-5c8b-47f7-bbcd-4160c3e29250"}
[info] i  Using project wardseva-b4465 (WardSeva) . 
[info] 
=== Firestore Setup
[info] i  firestore: ensuring required API firestore.googleapis.com is enabled... 
[debug] [2026-03-25T14:29:22.797Z] Checked if tokens are valid: true, expires at: 1774451403215
[debug] [2026-03-25T14:29:22.797Z] Checked if tokens are valid: true, expires at: 1774451403215
[debug] [2026-03-25T14:29:22.798Z] >>> [apiv2][query] GET https://firestore.googleapis.com/v1/projects/wardseva-b4465/databases [none]
[debug] [2026-03-25T14:29:23.761Z] <<< [apiv2][status] GET https://firestore.googleapis.com/v1/projects/wardseva-b4465/databases 200
[debug] [2026-03-25T14:29:23.762Z] <<< [apiv2][body] GET https://firestore.googleapis.com/v1/projects/wardseva-b4465/databases {}
[debug] [2026-03-25T14:29:23.762Z] Checked if tokens are valid: true, expires at: 1774451403215
[debug] [2026-03-25T14:29:23.762Z] Checked if tokens are valid: true, expires at: 1774451403215
[debug] [2026-03-25T14:29:23.762Z] >>> [apiv2][query] GET https://firestore.googleapis.com/v1/projects/wardseva-b4465/locations [none]
[debug] [2026-03-25T14:29:24.005Z] <<< [apiv2][status] GET https://firestore.googleapis.com/v1/projects/wardseva-b4465/locations 200
[debug] [2026-03-25T14:29:24.006Z] <<< [apiv2][body] GET https://firestore.googleapis.com/v1/projects/wardseva-b4465/locations {"locations":[{"name":"projects/wardseva-b4465/locations/eur3","labels":{"appengine.googleapis.com/geo":"europe-west","cloud.googleapis.com/location":"eur3","cloud.googleapis.com/geo":"eur3"},"metadata":{"@type":"type.googleapis.com/google.firestore.admin.v1.LocationMetadata"},"locationId":"eur3","displayName":"Europe"},{"name":"projects/wardseva-b4465/locations/nam5","labels":{"appengine.googleapis.com/geo":"us-central","cloud.googleapis.com/location":"nam5","cloud.googleapis.com/geo":"nam5"},"metadata":{"@type":"type.googleapis.com/google.firestore.admin.v1.LocationMetadata"},"locationId":"nam5","displayName":"United States"},{"name":"projects/wardseva-b4465/locations/nam7","labels":{"cloud.googleapis.com/location":"nam7","cloud.googleapis.com/geo":"nam7"},"metadata":{"@type":"type.googleapis.com/google.firestore.admin.v1.LocationMetadata"},"locationId":"nam7","displayName":"United States"},{"name":"projects/wardseva-b4465/locations/africa-south1","labels":{"cloud.googleapis.com/location":"africa-south1","cloud.googleapis.com/region":"africa-south1"},"metadata":{"@type":"type.googleapis.com/google.firestore.admin.v1.LocationMetadata"},"locationId":"africa-south1","displayName":"Johannesburg"},{"name":"projects/wardseva-b4465/locations/asia-east1","labels":{"appengine.googleapis.com/region":"asia-east1","cloud.googleapis.com/location":"asia-east1","cloud.googleapis.com/region":"asia-east1"},"metadata":{"@type":"type.googleapis.com/google.firestore.admin.v1.LocationMetadata"},"locationId":"asia-east1","displayName":"Taiwan"},{"name":"projects/wardseva-b4465/locations/asia-east2","labels":{"appengine.googleapis.com/region":"asia-east2","cloud.googleapis.com/location":"asia-east2","cloud.googleapis.com/region":"asia-east2"},"metadata":{"@type":"type.googleapis.com/google.firestore.admin.v1.LocationMetadata"},"locationId":"asia-east2","displayName":"Hong Kong"},{"name":"projects/wardseva-b4465/locations/asia-northeast1","labels":{"appengine.googleapis.com/region":"asia-northeast1","cloud.googleapis.com/location":"asia-northeast1","cloud.googleapis.com/region":"asia-northeast1"},"metadata":{"@type":"type.googleapis.com/google.firestore.admin.v1.LocationMetadata"},"locationId":"asia-northeast1","displayName":"Tokyo"},{"name":"projects/wardseva-b4465/locations/asia-northeast2","labels":{"appengine.googleapis.com/region":"asia-northeast2","cloud.googleapis.com/location":"asia-northeast2","cloud.googleapis.com/region":"asia-northeast2"},"metadata":{"@type":"type.googleapis.com/google.firestore.admin.v1.LocationMetadata"},"locationId":"asia-northeast2","displayName":"Osaka"},{"name":"projects/wardseva-b4465/locations/asia-northeast3","labels":{"appengine.googleapis.com/region":"asia-northeast3","cloud.googleapis.com/location":"asia-northeast3","cloud.googleapis.com/region":"asia-northeast3"},"metadata":{"@type":"type.googleapis.com/google.firestore.admin.v1.LocationMetadata"},"locationId":"asia-northeast3","displayName":"Seoul"},{"name":"projects/wardseva-b4465/locations/asia-south1","labels":{"appengine.googleapis.com/region":"asia-south1","cloud.googleapis.com/location":"asia-south1","cloud.googleapis.com/region":"asia-south1"},"metadata":{"@type":"type.googleapis.com/google.firestore.admin.v1.LocationMetadata"},"locationId":"asia-south1","displayName":"Mumbai"},{"name":"projects/wardseva-b4465/locations/asia-south2","labels":{"cloud.googleapis.com/location":"asia-south2","cloud.googleapis.com/region":"asia-south2"},"metadata":{"@type":"type.googleapis.com/google.firestore.admin.v1.LocationMetadata"},"locationId":"asia-south2","displayName":"Delhi"},{"name":"projects/wardseva-b4465/locations/asia-southeast1","labels":{"appengine.googleapis.com/region":"asia-southeast1","cloud.googleapis.com/location":"asia-southeast1","cloud.googleapis.com/region":"asia-southeast1"},"metadata":{"@type":"type.googleapis.com/google.firestore.admin.v1.LocationMetadata"},"locationId":"asia-southeast1","displayName":"Singapore"},{"name":"projects/wardseva-b4465/locations/asia-southeast2","labels":{"appengine.googleapis.com/region":"asia-southeast2","cloud.googleapis.com/location":"asia-southeast2","cloud.googleapis.com/region":"asia-southeast2"},"metadata":{"@type":"type.googleapis.com/google.firestore.admin.v1.LocationMetadata"},"locationId":"asia-southeast2","displayName":"Jakarta"},{"name":"projects/wardseva-b4465/locations/asia-southeast3","labels":{"cloud.googleapis.com/location":"asia-southeast3","cloud.googleapis.com/region":"asia-southeast3"},"metadata":{"@type":"type.googleapis.com/google.firestore.admin.v1.LocationMetadata"},"locationId":"asia-southeast3","displayName":"Bangkok"},{"name":"projects/wardseva-b4465/locations/australia-southeast1","labels":{"appengine.googleapis.com/region":"australia-southeast1","cloud.googleapis.com/location":"australia-southeast1","cloud.googleapis.com/region":"australia-southeast1"},"metadata":{"@type":"type.googleapis.com/google.firestore.admin.v1.LocationMetadata"},"locationId":"australia-southeast1","displayName":"Sydney"},{"name":"projects/wardseva-b4465/locations/australia-southeast2","labels":{"cloud.googleapis.com/location":"australia-southeast2","cloud.googleapis.com/region":"australia-southeast2"},"metadata":{"@type":"type.googleapis.com/google.firestore.admin.v1.LocationMetadata"},"locationId":"australia-southeast2","displayName":"Melbourne"},{"name":"projects/wardseva-b4465/locations/europe-central2","labels":{"appengine.googleapis.com/region":"europe-central2","cloud.googleapis.com/location":"europe-central2","cloud.googleapis.com/region":"europe-central2"},"metadata":{"@type":"type.googleapis.com/google.firestore.admin.v1.LocationMetadata"},"locationId":"europe-central2","displayName":"Warsaw"},{"name":"projects/wardseva-b4465/locations/europe-north1","labels":{"cloud.googleapis.com/location":"europe-north1","cloud.googleapis.com/region":"europe-north1"},"metadata":{"@type":"type.googleapis.com/google.firestore.admin.v1.LocationMetadata"},"locationId":"europe-north1","displayName":"Finland"},{"name":"projects/wardseva-b4465/locations/europe-north2","labels":{"cloud.googleapis.com/location":"europe-north2","cloud.googleapis.com/region":"europe-north2"},"metadata":{"@type":"type.googleapis.com/google.firestore.admin.v1.LocationMetadata"},"locationId":"europe-north2","displayName":"Stockholm"},{"name":"projects/wardseva-b4465/locations/europe-southwest1","labels":{"cloud.googleapis.com/location":"europe-southwest1","cloud.googleapis.com/region":"europe-southwest1"},"metadata":{"@type":"type.googleapis.com/google.firestore.admin.v1.LocationMetadata"},"locationId":"europe-southwest1","displayName":"Madrid"},{"name":"projects/wardseva-b4465/locations/europe-west1","labels":{"cloud.googleapis.com/location":"europe-west1","cloud.googleapis.com/region":"europe-west1"},"metadata":{"@type":"type.googleapis.com/google.firestore.admin.v1.LocationMetadata"},"locationId":"europe-west1","displayName":"Belgium"},{"name":"projects/wardseva-b4465/locations/europe-west10","labels":{"cloud.googleapis.com/location":"europe-west10","cloud.googleapis.com/region":"europe-west10"},"metadata":{"@type":"type.googleapis.com/google.firestore.admin.v1.LocationMetadata"},"locationId":"europe-west10","displayName":"Berlin"},{"name":"projects/wardseva-b4465/locations/europe-west12","labels":{"cloud.googleapis.com/location":"europe-west12","cloud.googleapis.com/region":"europe-west12"},"metadata":{"@type":"type.googleapis.com/google.firestore.admin.v1.LocationMetadata"},"locationId":"europe-west12","displayName":"Turin"},{"name":"projects/wardseva-b4465/locations/europe-west2","labels":{"appengine.googleapis.com/region":"europe-west2","cloud.googleapis.com/location":"europe-west2","cloud.googleapis.com/region":"europe-west2"},"metadata":{"@type":"type.googleapis.com/google.firestore.admin.v1.LocationMetadata"},"locationId":"europe-west2","displayName":"London"},{"name":"projects/wardseva-b4465/locations/europe-west3","labels":{"appengine.googleapis.com/region":"europe-west3","cloud.googleapis.com/location":"europe-west3","cloud.googleapis.com/region":"europe-west3"},"metadata":{"@type":"type.googleapis.com/google.firestore.admin.v1.LocationMetadata"},"locationId":"europe-west3","displayName":"Frankfurt"},{"name":"projects/wardseva-b4465/locations/europe-west4","labels":{"cloud.googleapis.com/location":"europe-west4","cloud.googleapis.com/region":"europe-west4"},"metadata":{"@type":"type.googleapis.com/google.firestore.admin.v1.LocationMetadata"},"locationId":"europe-west4","displayName":"Netherlands"},{"name":"projects/wardseva-b4465/locations/europe-west6","labels":{"appengine.googleapis.com/region":"europe-west6","cloud.googleapis.com/location":"europe-west6","cloud.googleapis.com/region":"europe-west6"},"metadata":{"@type":"type.googleapis.com/google.firestore.admin.v1.LocationMetadata"},"locationId":"europe-west6","displayName":"Zurich"},{"name":"projects/wardseva-b4465/locations/europe-west8","labels":{"cloud.googleapis.com/location":"europe-west8","cloud.googleapis.com/region":"europe-west8"},"metadata":{"@type":"type.googleapis.com/google.firestore.admin.v1.LocationMetadata"},"locationId":"europe-west8","displayName":"Milan"},{"name":"projects/wardseva-b4465/locations/europe-west9","labels":{"cloud.googleapis.com/location":"europe-west9","cloud.googleapis.com/region":"europe-west9"},"metadata":{"@type":"type.googleapis.com/google.firestore.admin.v1.LocationMetadata"},"locationId":"europe-west9","displayName":"Paris"},{"name":"projects/wardseva-b4465/locations/me-central1","labels":{"cloud.googleapis.com/location":"me-central1","cloud.googleapis.com/region":"me-central1"},"metadata":{"@type":"type.googleapis.com/google.firestore.admin.v1.LocationMetadata"},"locationId":"me-central1","displayName":"Doha"},{"name":"projects/wardseva-b4465/locations/me-central2","labels":{"cloud.googleapis.com/location":"me-central2","cloud.googleapis.com/region":"me-central2"},"metadata":{"@type":"type.googleapis.com/google.firestore.admin.v1.LocationMetadata"},"locationId":"me-central2","displayName":"Dammam"},{"name":"projects/wardseva-b4465/locations/me-west1","labels":{"cloud.googleapis.com/location":"me-west1","cloud.googleapis.com/region":"me-west1"},"metadata":{"@type":"type.googleapis.com/google.firestore.admin.v1.LocationMetadata"},"locationId":"me-west1","displayName":"Tel Aviv"},{"name":"projects/wardseva-b4465/locations/northamerica-northeast1","labels":{"appengine.googleapis.com/region":"northamerica-northeast1","cloud.googleapis.com/location":"northamerica-northeast1","cloud.googleapis.com/region":"northamerica-northeast1"},"metadata":{"@type":"type.googleapis.com/google.firestore.admin.v1.LocationMetadata"},"locationId":"northamerica-northeast1","displayName":"Montréal"},{"name":"projects/wardseva-b4465/locations/northamerica-northeast2","labels":{"cloud.googleapis.com/location":"northamerica-northeast2","cloud.googleapis.com/region":"northamerica-northeast2"},"metadata":{"@type":"type.googleapis.com/google.firestore.admin.v1.LocationMetadata"},"locationId":"northamerica-northeast2","displayName":"Toronto"},{"name":"projects/wardseva-b4465/locations/northamerica-south1","labels":{"cloud.googleapis.com/location":"northamerica-south1","cloud.googleapis.com/region":"northamerica-south1"},"metadata":{"@type":"type.googleapis.com/google.firestore.admin.v1.LocationMetadata"},"locationId":"northamerica-south1","displayName":"Mexico"},{"name":"projects/wardseva-b4465/locations/southamerica-east1","labels":{"appengine.googleapis.com/region":"southamerica-east1","cloud.googleapis.com/location":"southamerica-east1","cloud.googleapis.com/region":"southamerica-east1"},"metadata":{"@type":"type.googleapis.com/google.firestore.admin.v1.LocationMetadata"},"locationId":"southamerica-east1","displayName":"São Paulo"},{"name":"projects/wardseva-b4465/locations/southamerica-west1","labels":{"cloud.googleapis.com/location":"southamerica-west1","cloud.googleapis.com/region":"southamerica-west1"},"metadata":{"@type":"type.googleapis.com/google.firestore.admin.v1.LocationMetadata"},"locationId":"southamerica-west1","displayName":"Santiago"},{"name":"projects/wardseva-b4465/locations/us-central1","labels":{"cloud.googleapis.com/location":"us-central1","cloud.googleapis.com/region":"us-central1"},"metadata":{"@type":"type.googleapis.com/google.firestore.admin.v1.LocationMetadata"},"locationId":"us-central1","displayName":"Iowa"},{"name":"projects/wardseva-b4465/locations/us-east1","labels":{"appengine.googleapis.com/region":"us-east1","cloud.googleapis.com/location":"us-east1","cloud.googleapis.com/region":"us-east1"},"metadata":{"@type":"type.googleapis.com/google.firestore.admin.v1.LocationMetadata"},"locationId":"us-east1","displayName":"South Carolina"},{"name":"projects/wardseva-b4465/locations/us-east4","labels":{"appengine.googleapis.com/region":"us-east4","cloud.googleapis.com/location":"us-east4","cloud.googleapis.com/region":"us-east4"},"metadata":{"@type":"type.googleapis.com/google.firestore.admin.v1.LocationMetadata"},"locationId":"us-east4","displayName":"Northern Virginia"},{"name":"projects/wardseva-b4465/locations/us-east5","labels":{"cloud.googleapis.com/location":"us-east5","cloud.googleapis.com/region":"us-east5"},"metadata":{"@type":"type.googleapis.com/google.firestore.admin.v1.LocationMetadata"},"locationId":"us-east5","displayName":"Columbus"},{"name":"projects/wardseva-b4465/locations/us-south1","labels":{"cloud.googleapis.com/location":"us-south1","cloud.googleapis.com/region":"us-south1"},"metadata":{"@type":"type.googleapis.com/google.firestore.admin.v1.LocationMetadata"},"locationId":"us-south1","displayName":"Dallas"},{"name":"projects/wardseva-b4465/locations/us-west1","labels":{"appengine.googleapis.com/region":"us-west1","cloud.googleapis.com/location":"us-west1","cloud.googleapis.com/region":"us-west1"},"metadata":{"@type":"type.googleapis.com/google.firestore.admin.v1.LocationMetadata"},"locationId":"us-west1","displayName":"Oregon"},{"name":"projects/wardseva-b4465/locations/us-west2","labels":{"appengine.googleapis.com/region":"us-west2","cloud.googleapis.com/location":"us-west2","cloud.googleapis.com/region":"us-west2"},"metadata":{"@type":"type.googleapis.com/google.firestore.admin.v1.LocationMetadata"},"locationId":"us-west2","displayName":"Los Angeles"},{"name":"projects/wardseva-b4465/locations/us-west3","labels":{"appengine.googleapis.com/region":"us-west3","cloud.googleapis.com/location":"us-west3","cloud.googleapis.com/region":"us-west3"},"metadata":{"@type":"type.googleapis.com/google.firestore.admin.v1.LocationMetadata"},"locationId":"us-west3","displayName":"Salt Lake City"},{"name":"projects/wardseva-b4465/locations/us-west4","labels":{"appengine.googleapis.com/region":"us-west4","cloud.googleapis.com/location":"us-west4","cloud.googleapis.com/region":"us-west4"},"metadata":{"@type":"type.googleapis.com/google.firestore.admin.v1.LocationMetadata"},"locationId":"us-west4","displayName":"Las Vegas"}]}
[info] 
[info] Firestore Security Rules allow you to define how and when to allow
[info] requests. You can keep these rules in your project directory
[info] and publish them with firebase deploy.
[info] 
[debug] [2026-03-25T14:29:32.743Z] Checked if tokens are valid: true, expires at: 1774451403215
[debug] [2026-03-25T14:29:32.743Z] Checked if tokens are valid: true, expires at: 1774451403215
[debug] [2026-03-25T14:29:32.743Z] >>> [apiv2][query] GET https://firebaserules.googleapis.com/v1/projects/wardseva-b4465/releases pageSize=10&pageToken=
[debug] [2026-03-25T14:29:33.220Z] <<< [apiv2][status] GET https://firebaserules.googleapis.com/v1/projects/wardseva-b4465/releases 200
[debug] [2026-03-25T14:29:33.220Z] <<< [apiv2][body] GET https://firebaserules.googleapis.com/v1/projects/wardseva-b4465/releases {}
[info] i  Skipping write of firestore.rules 
[info] 
[info] Firestore indexes allow you to perform complex queries while
[info] maintaining performance that scales with the size of the result
[info] set. You can keep index definitions in your project directory
[info] and publish them with firebase deploy.
[info] 
[debug] [2026-03-25T14:29:41.100Z] Checked if tokens are valid: true, expires at: 1774451403215
[debug] [2026-03-25T14:29:41.100Z] Checked if tokens are valid: true, expires at: 1774451403215
[debug] [2026-03-25T14:29:41.100Z] Checked if tokens are valid: true, expires at: 1774451403215
[debug] [2026-03-25T14:29:41.100Z] Checked if tokens are valid: true, expires at: 1774451403215
[debug] [2026-03-25T14:29:41.101Z] >>> [apiv2][query] GET https://firestore.googleapis.com/v1/projects/wardseva-b4465/databases/(default)/collectionGroups/-/indexes [none]
[debug] [2026-03-25T14:29:41.103Z] >>> [apiv2][query] GET https://firestore.googleapis.com/v1/projects/wardseva-b4465/databases/(default)/collectionGroups/-/fields?filter=indexConfig.usesAncestorConfig=false OR ttlConfig:* [none]
[debug] [2026-03-25T14:29:41.790Z] <<< [apiv2][status] GET https://firestore.googleapis.com/v1/projects/wardseva-b4465/databases/(default)/collectionGroups/-/fields?filter=indexConfig.usesAncestorConfig=false OR ttlConfig:* 404
[debug] [2026-03-25T14:29:41.791Z] <<< [apiv2][body] GET https://firestore.googleapis.com/v1/projects/wardseva-b4465/databases/(default)/collectionGroups/-/fields?filter=indexConfig.usesAncestorConfig=false OR ttlConfig:* {"error":{"code":404,"message":"Project 'wardseva-b4465' or database '(default)' does not exist.","status":"NOT_FOUND"}}
[info] i  firestore.indexes.json is unchanged 
[info] 
=== Hosting Setup
[debug] [2026-03-25T14:29:52.529Z] <<< [apiv2][status] GET https://firestore.googleapis.com/v1/projects/wardseva-b4465/databases/(default)/collectionGroups/-/indexes 404
[debug] [2026-03-25T14:29:52.529Z] <<< [apiv2][body] GET https://firestore.googleapis.com/v1/projects/wardseva-b4465/databases/(default)/collectionGroups/-/indexes {"error":{"code":404,"message":"Project 'wardseva-b4465' or database '(default)' does not exist.","status":"NOT_FOUND"}}
[debug] [2026-03-25T14:30:00.880Z] Checked if tokens are valid: true, expires at: 1774451403215
[debug] [2026-03-25T14:30:00.880Z] Checked if tokens are valid: true, expires at: 1774451403215
[debug] [2026-03-25T14:30:00.880Z] >>> [apiv2][query] GET https://firebase.googleapis.com/v1beta1/projects/wardseva-b4465 [none]
[debug] [2026-03-25T14:30:01.581Z] <<< [apiv2][status] GET https://firebase.googleapis.com/v1beta1/projects/wardseva-b4465 200
[debug] [2026-03-25T14:30:01.582Z] <<< [apiv2][body] GET https://firebase.googleapis.com/v1beta1/projects/wardseva-b4465 {"projectId":"wardseva-b4465","projectNumber":"75424989934","displayName":"WardSeva","name":"projects/wardseva-b4465","resources":{"hostingSite":"wardseva-b4465"},"state":"ACTIVE","etag":"1_1b653040-5c8b-47f7-bbcd-4160c3e29250"}
[info] 
[info] Your public directory is the folder (relative to your project directory) that
[info] will contain Hosting assets to be uploaded with firebase deploy. If you
[info] have a build process for your assets, use your build's output directory.
[info] 
[info] 
[info] i  Didn't detect a .git folder. Assuming C:\Users\saatvik\OneDrive\Desktop\wardseva is the project root. 
[info] i  Authorizing with GitHub to upload your service account to a GitHub repository's secrets store. 
[info] 
[info] Visit this URL on this device to log in:
[info] https://github.com/login/oauth/authorize?client_id=89cf50f02ac6aaed3484&state=745537985&redirect_uri=http%3A%2F%2Flocalhost%3A9005&scope=read%3Auser%20repo%20public_repo
[info] 
[info] Waiting for authentication...
[debug] [2026-03-25T14:34:13.666Z] >>> [apiv2][query] POST https://github.com/login/oauth/access_token [none]
[debug] [2026-03-25T14:34:13.667Z] >>> [apiv2][body] POST https://github.com/login/oauth/access_token [stream]
[debug] [2026-03-25T14:34:15.116Z] <<< [apiv2][status] POST https://github.com/login/oauth/access_token 200
[debug] [2026-03-25T14:34:15.116Z] <<< [apiv2][body] POST https://github.com/login/oauth/access_token {"access_token":"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","token_type":"bearer","scope":"read:user,repo"}
[debug] [2026-03-25T14:34:15.123Z] >>> [apiv2][query] GET https://api.github.com/user [none]
[debug] [2026-03-25T14:34:15.591Z] <<< [apiv2][status] GET https://api.github.com/user 200
[debug] [2026-03-25T14:34:15.591Z] <<< [apiv2][body] GET https://api.github.com/user {"login":"saatvikpvs","id":202776913,"node_id":"U_kgDODBYhUQ","avatar_url":"https://avatars.githubusercontent.com/u/202776913?v=4","gravatar_id":"","url":"https://api.github.com/users/saatvikpvs","html_url":"https://github.com/saatvikpvs","followers_url":"https://api.github.com/users/saatvikpvs/followers","following_url":"https://api.github.com/users/saatvikpvs/following{/other_user}","gists_url":"https://api.github.com/users/saatvikpvs/gists{/gist_id}","starred_url":"https://api.github.com/users/saatvikpvs/starred{/owner}{/repo}","subscriptions_url":"https://api.github.com/users/saatvikpvs/subscriptions","organizations_url":"https://api.github.com/users/saatvikpvs/orgs","repos_url":"https://api.github.com/users/saatvikpvs/repos","events_url":"https://api.github.com/users/saatvikpvs/events{/privacy}","received_events_url":"https://api.github.com/users/saatvikpvs/received_events","type":"User","user_view_type":"private","site_admin":false,"name":null,"company":null,"blog":"","location":null,"email":null,"hireable":null,"bio":null,"twitter_username":null,"notification_email":null,"public_repos":3,"public_gists":0,"followers":0,"following":0,"created_at":"2025-03-11T10:06:44Z","updated_at":"2026-03-14T04:19:04Z","private_gists":0,"total_private_repos":0,"owned_private_repos":0,"disk_usage":216867,"collaborators":0,"two_factor_authentication":false,"plan":{"name":"free","space":976562499,"collaborators":0,"private_repos":10000}}
[info] 
[info] +  Success! Logged into GitHub as saatvikpvs 
[info] 
